<?xml version="1.0" encoding="UTF-8"?>
<testng-results ignored="0" total="3" passed="3" failed="0" skipped="0">
  <reporter-output>
  </reporter-output>
  <suite started-at="2022-11-11T17:31:34 IST" name="Default suite" finished-at="2022-11-11T17:31:34 IST" duration-ms="105">
    <groups>
      <group name="smoke">
        <method signature="Testcase1.addition()[pri:0, instance:frameworkpackage.Testcase1@12e61fe6]" name="addition" class="frameworkpackage.Testcase1"/>
        <method signature="Testcase1.multipy()[pri:0, instance:frameworkpackage.Testcase1@12e61fe6]" name="multipy" class="frameworkpackage.Testcase1"/>
      </group> <!-- smoke -->
      <group name="sanity">
        <method signature="Testcase1.substraction()[pri:0, instance:frameworkpackage.Testcase1@12e61fe6]" name="substraction" class="frameworkpackage.Testcase1"/>
      </group> <!-- sanity -->
    </groups>
    <test started-at="2022-11-11T17:31:34 IST" name="Default test" finished-at="2022-11-11T17:31:34 IST" duration-ms="105">
      <class name="frameworkpackage.Testcase1">
        <test-method is-config="true" signature="before_method()[pri:0, instance:frameworkpackage.Testcase1@12e61fe6]" started-at="2022-11-11T17:31:34 IST" name="before_method" finished-at="2022-11-11T17:31:34 IST" duration-ms="4" status="PASS">
          <reporter-output>
          </reporter-output>
        </test-method> <!-- before_method -->
        <test-method signature="addition()[pri:0, instance:frameworkpackage.Testcase1@12e61fe6]" started-at="2022-11-11T17:31:34 IST" name="addition" finished-at="2022-11-11T17:31:34 IST" duration-ms="7" status="PASS">
          <reporter-output>
          </reporter-output>
        </test-method> <!-- addition -->
        <test-method is-config="true" signature="after_method()[pri:0, instance:frameworkpackage.Testcase1@12e61fe6]" started-at="2022-11-11T17:31:34 IST" name="after_method" finished-at="2022-11-11T17:31:34 IST" duration-ms="1" status="PASS">
          <reporter-output>
          </reporter-output>
        </test-method> <!-- after_method -->
        <test-method is-config="true" signature="before_method()[pri:0, instance:frameworkpackage.Testcase1@12e61fe6]" started-at="2022-11-11T17:31:34 IST" name="before_method" finished-at="2022-11-11T17:31:34 IST" duration-ms="3" status="PASS">
          <reporter-output>
          </reporter-output>
        </test-method> <!-- before_method -->
        <test-method signature="multipy()[pri:0, instance:frameworkpackage.Testcase1@12e61fe6]" started-at="2022-11-11T17:31:34 IST" name="multipy" finished-at="2022-11-11T17:31:34 IST" duration-ms="5" status="PASS">
          <reporter-output>
          </reporter-output>
        </test-method> <!-- multipy -->
        <test-method is-config="true" signature="after_method()[pri:0, instance:frameworkpackage.Testcase1@12e61fe6]" started-at="2022-11-11T17:31:34 IST" name="after_method" finished-at="2022-11-11T17:31:34 IST" duration-ms="1" status="PASS">
          <reporter-output>
          </reporter-output>
        </test-method> <!-- after_method -->
        <test-method is-config="true" signature="before_method()[pri:0, instance:frameworkpackage.Testcase1@12e61fe6]" started-at="2022-11-11T17:31:34 IST" name="before_method" finished-at="2022-11-11T17:31:34 IST" duration-ms="1" status="PASS">
          <reporter-output>
          </reporter-output>
        </test-method> <!-- before_method -->
        <test-method signature="substraction()[pri:0, instance:frameworkpackage.Testcase1@12e61fe6]" started-at="2022-11-11T17:31:34 IST" name="substraction" finished-at="2022-11-11T17:31:34 IST" duration-ms="2" status="PASS">
          <reporter-output>
          </reporter-output>
        </test-method> <!-- substraction -->
        <test-method is-config="true" signature="after_method()[pri:0, instance:frameworkpackage.Testcase1@12e61fe6]" started-at="2022-11-11T17:31:34 IST" name="after_method" finished-at="2022-11-11T17:31:34 IST" duration-ms="1" status="PASS">
          <reporter-output>
          </reporter-output>
        </test-method> <!-- after_method -->
      </class> <!-- frameworkpackage.Testcase1 -->
    </test> <!-- Default test -->
  </suite> <!-- Default suite -->
</testng-results>
