<?xml version="1.0" encoding="UTF-8"?>
<!-- Generated by org.testng.reporters.JUnitXMLReporter -->
<testsuite ignored="6" hostname="DESKTOP-Q47RHDA" failures="0" tests="2" name="Test" time="0.082" errors="0" timestamp="2022-10-10T17:50:12 IST">
  <testcase classname="frameworks1.Home_Loan" name="home_loan1" time="0.011"/>
  <testcase classname="frameworkpackage.Testcase1" name="substraction" time="0.001"/>
  <testcase classname="frameworkpackage.Testngpgm" name="demo" time="0.0">
    <ignored/>
  </testcase> <!-- demo -->
  <testcase classname="frameworks1.Home_Loan" name="home_loan" time="0.0">
    <ignored/>
  </testcase> <!-- home_loan -->
  <testcase classname="frameworkpackage.Testcase1" name="multipy" time="0.0">
    <ignored/>
  </testcase> <!-- multipy -->
  <testcase classname="frameworks1.Personal_Loan" name="personal_loan" time="0.0">
    <ignored/>
  </testcase> <!-- personal_loan -->
  <testcase classname="frameworkpackage.Testcase1" name="addition" time="0.0">
    <ignored/>
  </testcase> <!-- addition -->
  <testcase classname="frameworks1.Car_Loan" name="car_loan" time="0.0">
    <ignored/>
  </testcase> <!-- car_loan -->
</testsuite> <!-- Test -->
