<?xml version="1.0" encoding="UTF-8"?>
<!-- Generated by org.testng.reporters.JUnitXMLReporter -->
<testsuite ignored="0" hostname="DESKTOP-Q47RHDA" failures="0" tests="3" name="Default test" time="0.105" errors="0" timestamp="2022-11-11T17:31:34 IST">
  <testcase classname="frameworkpackage.Testcase1" name="addition" time="0.007"/>
  <testcase classname="frameworkpackage.Testcase1" name="multipy" time="0.005"/>
  <testcase classname="frameworkpackage.Testcase1" name="substraction" time="0.002"/>
</testsuite> <!-- Default test -->
